<?xml version="1.0" encoding="UTF-8"?>
<!-- Generated by org.testng.reporters.JUnitReportReporter -->
<testsuite skipped="0" hostname="DESKTOP-K9L447G" name="testCases.HomePageCases" tests="9" failures="0" timestamp="2020-08-20T10:18:48 EDT" time="49.659" errors="0">
  <testcase name="clickCategotyBox" time="5.620" classname="testCases.HomePageCases"/>
  <system-out/>
  <testcase name="selectCategory" time="5.284" classname="testCases.HomePageCases"/>
  <system-out/>
  <testcase name="selectSale" time="5.293" classname="testCases.HomePageCases"/>
  <system-out/>
  <testcase name="selectRecruiting" time="5.313" classname="testCases.HomePageCases"/>
  <system-out/>
  <testcase name="selectGeneralInfo" time="5.322" classname="testCases.HomePageCases"/>
  <system-out/>
  <testcase name="typeName" time="5.216" classname="testCases.HomePageCases"/>
  <system-out/>
  <testcase name="typeEmail" time="5.200" classname="testCases.HomePageCases"/>
  <system-out/>
  <testcase name="typeMessage" time="5.240" classname="testCases.HomePageCases"/>
  <system-out/>
  <testcase name="submit" time="7.171" classname="testCases.HomePageCases"/>
  <system-out/>
</testsuite> <!-- testCases.HomePageCases -->
