<?xml version="1.0" encoding="UTF-8"?>
<!-- Generated by org.testng.reporters.JUnitReportReporter -->
<testsuite skipped="0" hostname="DESKTOP-K9L447G" name="Driver" tests="1" failures="0" timestamp="2020-08-20T02:03:01 EDT" time="26.866" errors="0">
  <testcase name="testCases" time="26.866" classname="Driver"/>
  <system-out/>
</testsuite> <!-- Driver -->
